Performing C++ SOURCE FILE Test CMAKE_HAVE_LIBC_PTHREAD failed with the following output:
Change Dir: /home/aq/Projects/pgu/course_project1/qt/build-CourseProject1-Qt6-Debug/CMakeFiles/CMakeTmp

Run Build Command(s):/usr/bin/ninja cmTC_20d7b && [1/2] Building CXX object CMakeFiles/cmTC_20d7b.dir/src.cxx.o
[2/2] Linking CXX executable cmTC_20d7b
FAILED: cmTC_20d7b 
: && /usr/bin/g++   CMakeFiles/cmTC_20d7b.dir/src.cxx.o -o cmTC_20d7b   && :
/usr/lib/gcc/x86_64-unknown-linux-gnu/10.2.0/../../../../x86_64-unknown-linux-gnu/bin/ld: CMakeFiles/cmTC_20d7b.dir/src.cxx.o: in function `main':
src.cxx:(.text+0x3e): undefined reference to `pthread_create'
/usr/lib/gcc/x86_64-unknown-linux-gnu/10.2.0/../../../../x86_64-unknown-linux-gnu/bin/ld: src.cxx:(.text+0x4a): undefined reference to `pthread_detach'
/usr/lib/gcc/x86_64-unknown-linux-gnu/10.2.0/../../../../x86_64-unknown-linux-gnu/bin/ld: src.cxx:(.text+0x56): undefined reference to `pthread_cancel'
/usr/lib/gcc/x86_64-unknown-linux-gnu/10.2.0/../../../../x86_64-unknown-linux-gnu/bin/ld: src.cxx:(.text+0x67): undefined reference to `pthread_join'
collect2: error: ld returned 1 exit status
ninja: build stopped: subcommand failed.


Source file was:
#include <pthread.h>

static void* test_func(void* data)
{
  return data;
}

int main(void)
{
  pthread_t thread;
  pthread_create(&thread, NULL, test_func, NULL);
  pthread_detach(thread);
  pthread_cancel(thread);
  pthread_join(thread, NULL);
  pthread_atfork(NULL, NULL, NULL);
  pthread_exit(NULL);

  return 0;
}

